2023-11-19 19:24:47,374 WARNING:  * Debugger is active!
2023-11-19 19:24:47,386 INFO:  * Debugger PIN: 119-588-068
2023-11-19 19:24:52,573 INFO:  * Detected change in 'D:\\Python\\QuanLyCongViec\\app.py', reloading
2023-11-19 19:24:52,987 WARNING:  * Debugger is active!
2023-11-19 19:24:52,997 INFO:  * Debugger PIN: 119-588-068
2023-11-19 19:24:55,080 INFO:  * Detected change in 'D:\\Python\\QuanLyCongViec\\app.py', reloading
2023-11-19 19:24:55,520 WARNING:  * Debugger is active!
2023-11-19 19:24:55,533 INFO:  * Debugger PIN: 119-588-068
2023-11-19 19:25:24,184 INFO:  * Detected change in 'D:\\Python\\QuanLyCongViec\\app.py', reloading
2023-11-19 19:25:24,689 WARNING:  * Debugger is active!
2023-11-19 19:25:24,699 INFO:  * Debugger PIN: 119-588-068
2023-11-19 19:25:28,867 INFO:  * Detected change in 'D:\\Python\\QuanLyCongViec\\app.py', reloading
2023-11-19 19:25:29,387 WARNING:  * Debugger is active!
2023-11-19 19:25:29,397 INFO:  * Debugger PIN: 119-588-068
2023-11-19 19:25:43,824 INFO:  * Detected change in 'D:\\Python\\QuanLyCongViec\\app.py', reloading
2023-11-19 19:25:44,314 WARNING:  * Debugger is active!
2023-11-19 19:25:44,324 INFO:  * Debugger PIN: 119-588-068
2023-11-19 19:25:48,469 INFO:  * Detected change in 'D:\\Python\\QuanLyCongViec\\app.py', reloading
2023-11-19 19:25:49,101 WARNING:  * Debugger is active!
2023-11-19 19:25:49,111 INFO:  * Debugger PIN: 119-588-068
2023-11-19 19:26:00,396 INFO:  * Detected change in 'D:\\Python\\QuanLyCongViec\\app.py', reloading
2023-11-19 19:26:00,826 WARNING:  * Debugger is active!
2023-11-19 19:26:00,837 INFO:  * Debugger PIN: 119-588-068
2023-11-19 19:26:07,060 INFO:  * Detected change in 'D:\\Python\\QuanLyCongViec\\app.py', reloading
2023-11-19 19:26:07,548 WARNING:  * Debugger is active!
2023-11-19 19:26:07,560 INFO:  * Debugger PIN: 119-588-068
2023-11-19 19:26:34,199 INFO:  * Detected change in 'D:\\Python\\QuanLyCongViec\\app.py', reloading
2023-11-19 19:26:34,773 WARNING:  * Debugger is active!
2023-11-19 19:26:34,784 INFO:  * Debugger PIN: 119-588-068
2023-11-19 19:26:45,127 INFO:  * Detected change in 'D:\\Python\\QuanLyCongViec\\app.py', reloading
2023-11-19 19:26:45,609 WARNING:  * Debugger is active!
2023-11-19 19:26:45,619 INFO:  * Debugger PIN: 119-588-068
2023-11-19 19:26:53,817 INFO:  * Detected change in 'D:\\Python\\QuanLyCongViec\\app.py', reloading
2023-11-19 19:26:54,317 WARNING:  * Debugger is active!
2023-11-19 19:26:54,327 INFO:  * Debugger PIN: 119-588-068
2023-11-19 19:27:12,761 INFO:  * Detected change in 'D:\\Python\\QuanLyCongViec\\app.py', reloading
2023-11-19 19:27:13,217 WARNING:  * Debugger is active!
2023-11-19 19:27:13,227 INFO:  * Debugger PIN: 119-588-068
2023-11-19 19:27:18,410 INFO:  * Detected change in 'D:\\Python\\QuanLyCongViec\\app.py', reloading
2023-11-19 19:27:19,364 WARNING:  * Debugger is active!
2023-11-19 19:27:19,380 INFO:  * Debugger PIN: 119-588-068
2023-11-19 19:27:26,688 INFO:  * Detected change in 'D:\\Python\\QuanLyCongViec\\app.py', reloading
2023-11-19 19:29:04,437 INFO: [31m[1mWARNING: This is a development server. Do not use it in a production deployment. Use a production WSGI server instead.[0m
 * Running on http://127.0.0.1:5000
2023-11-19 19:29:04,437 INFO: [33mPress CTRL+C to quit[0m
2023-11-19 19:29:04,443 INFO:  * Restarting with stat
2023-11-19 19:29:04,850 WARNING:  * Debugger is active!
2023-11-19 19:29:04,860 INFO:  * Debugger PIN: 119-588-068
2023-11-26 19:43:55,587 WARNING:  * Debugger is active!
2023-11-26 19:43:55,598 INFO:  * Debugger PIN: 119-588-068
2023-11-26 19:47:24,593 INFO:  * Detected change in 'd:\\Python\\QuanLyCongViec\\app.py', reloading
